<?xml version="1.0" encoding="UTF-8"?>
<TestRun id="1e86ee89-7401-474b-8cf0-877b2bc22fbc" name="googlesp@GDC04 2011-05-12 13:11:49" runUser="GDC-PSL\googlesp" xmlns="http://microsoft.com/schemas/VisualStudio/TeamTest/2006">
  <TestRunConfiguration name="Local Test Run" id="f696496a-9b9c-48c4-94a9-2d709b2b0f00">
    <Description>This is a default test run configuration for a local test run.</Description>
    <Deployment runDeploymentRoot="C:\Documents and Settings\kerbadmin\My Documents\Visual Studio 2008\Projects\ACLWebSite\TestResults\googlesp_GDC04 2011-05-12 13_11_49" />
    <TestTypeSpecific />
  </TestRunConfiguration>
  <ResultSummary outcome="Completed">
    <Counters total="1" executed="1" passed="1" error="0" failed="0" timeout="0" aborted="0" inconclusive="0" passedButRunAborted="0" notRunnable="0" notExecuted="0" disconnected="0" warning="0" completed="0" inProgress="0" pending="0" />
  </ResultSummary>
  <Times creation="2011-05-12T13:11:49.7192142+05:30" queuing="2011-05-12T13:12:05.4378636+05:30" start="2011-05-12T13:12:05.6878620+05:30" finish="2011-05-12T13:12:08.2034709+05:30" />
  <TestDefinitions>
    <UnitTest name="GetListsWithInheritingRoleAssignmentsTestMethod" storage="c:\documents and settings\kerbadmin\my documents\visual studio 2008\projects\aclwebsite\acltestproject\bin\debug\acltestproject.dll" id="1891f1d9-71a5-c3c7-e370-635a920d9aa4">
      <Css projectStructure="" iteration="" />
      <Owners>
        <Owner name="" />
      </Owners>
      <Execution id="cc8c24d1-3c47-4c65-b860-3e2b32727755" />
      <TestMethod codeBase="C:\Documents and Settings\kerbadmin\My Documents\Visual Studio 2008\Projects\ACLWebSite\ACLTestProject\bin\Debug\ACLTestProject.dll" adapterTypeName="Microsoft.VisualStudio.TestTools.TestTypes.Unit.UnitTestAdapter, Microsoft.VisualStudio.QualityTools.Tips.UnitTest.Adapter, Version=9.0.0.0, Culture=neutral, PublicKeyToken=b03f5f7f11d50a3a" className="ACLTestProject.AclTest1, ACLTestProject" name="GetListsWithInheritingRoleAssignmentsTestMethod" />
    </UnitTest>
  </TestDefinitions>
  <TestLists>
    <TestList name="Results Not in a List" id="8c84fa94-04c1-424b-9868-57a2d4851a1d" />
    <TestList name="All Loaded Results" id="19431567-8539-422a-85d7-44ee4e166bda" />
  </TestLists>
  <TestEntries>
    <TestEntry testId="1891f1d9-71a5-c3c7-e370-635a920d9aa4" executionId="cc8c24d1-3c47-4c65-b860-3e2b32727755" testListId="8c84fa94-04c1-424b-9868-57a2d4851a1d" />
  </TestEntries>
  <Results>
    <UnitTestResult executionId="cc8c24d1-3c47-4c65-b860-3e2b32727755" testId="1891f1d9-71a5-c3c7-e370-635a920d9aa4" testName="GetListsWithInheritingRoleAssignmentsTestMethod" computerName="GDC04" duration="00:00:01.6666607" startTime="2011-05-12T13:12:05.7503616+05:30" endTime="2011-05-12T13:12:08.1097215+05:30" testType="13cdc9d9-ddb5-4fa4-a97d-d965ccfc6d4b" outcome="Passed" testListId="8c84fa94-04c1-424b-9868-57a2d4851a1d">
      <Output>
      </Output>
    </UnitTestResult>
  </Results>
</TestRun>